
> champ-france-escalade-2026@1.0.0 check
> astro check

[2m13:37:09[22m [34m[content][39m Syncing content
[33m[1m13:37:09[22m [WARN] [glob-loader][39m The base directory "C:\Users\jeanfi\Documents\Antigravity\france-jeunes-diff\src\content\blog\" does not exist.
[2m13:37:09[22m [34m[content][39m Synced content
[2m13:37:09[22m [34m[types][39m Generated [2m369ms[22m
[2m13:37:09[22m [34m[check][39m Getting diagnostics for Astro files in C:\Users\jeanfi\Documents\Antigravity\france-jeunes-diff...
[96msrc/components/blocks/ArenaChampionsSection.astro[0m:[93m10[0m:[93m9[0m - [93mwarning[0m[90m ts(6133): [0m'historyEvents' is declared but its value is never read.

[7m10[0m const { historyEvents, champions, videos } = competitionData.arena;
[7m  [0m [93m        ~~~~~~~~~~~~~[0m

[96msrc/components/layout/BaseLayout.astro[0m:[93m13[0m:[93m7[0m - [93mwarning[0m[90m ts(6133): [0m'event' is declared but its value is never read.

[7m13[0m const { event } = competitionData;
[7m  [0m [93m      ~~~~~~~~~[0m
[96msrc/components/layout/BaseLayout.astro[0m:[93m54[0m:[93m11[0m - [93mwarning[0m[90m astro(4000): [0mThis script will be treated as if it has the `is:inline` directive because it contains an attribute. Therefore, features that require processing (e.g. using TypeScript or npm packages in the script) are unavailable.

See docs for more details: https://docs.astro.build/en/guides/client-side-scripts/#script-processing.

Add the `is:inline` directive explicitly to silence this hint.

[7m54[0m   <script type="application/ld+json">
[7m  [0m [93m          ~~~~[0m
[96msrc/components/layout/BaseLayout.astro[0m:[93m50[0m:[93m11[0m - [93mwarning[0m[90m astro(4000): [0mThis script will be treated as if it has the `is:inline` directive because it contains an attribute. Therefore, features that require processing (e.g. using TypeScript or npm packages in the script) are unavailable.

See docs for more details: https://docs.astro.build/en/guides/client-side-scripts/#script-processing.

Add the `is:inline` directive explicitly to silence this hint.

[7m50[0m   <script data-goatcounter="https://fjd2026.goatcounter.com/count"
[7m  [0m [93m          ~~~~~~~~~~~~~~~~[0m

[96msrc/lib/flickr.ts[0m:[93m20[0m:[93m51[0m - [93mwarning[0m[90m ts(6133): [0m'match' is declared but its value is never read.

[7m20[0m   decoded = decoded.replace(/&#x([0-9a-f]+);/gi, (match, code) => {
[7m  [0m [93m                                                  ~~~~~[0m
[96msrc/lib/flickr.ts[0m:[93m17[0m:[93m43[0m - [93mwarning[0m[90m ts(6133): [0m'match' is declared but its value is never read.

[7m17[0m   decoded = decoded.replace(/&#(\d+);/g, (match, code) => {
[7m  [0m [93m                                          ~~~~~[0m

[96msrc/pages/index.astro[0m:[93m64[0m:[93m9[0m - [93mwarning[0m[90m astro(4000): [0mThis script will be treated as if it has the `is:inline` directive because it contains an attribute. Therefore, features that require processing (e.g. using TypeScript or npm packages in the script) are unavailable.

See docs for more details: https://docs.astro.build/en/guides/client-side-scripts/#script-processing.

Add the `is:inline` directive explicitly to silence this hint.

[7m64[0m <script type="application/ld+json" slot="head" set:html={JSON.stringify(faqSchema)} />
[7m  [0m [93m        ~~~~[0m

[96msrc/pages/admin/index.astro[0m:[93m145[0m:[93m13[0m - [93mwarning[0m[90m astro(4000): [0mThis script will be treated as if it has the `is:inline` directive because it contains an attribute. Therefore, features that require processing (e.g. using TypeScript or npm packages in the script) are unavailable.

See docs for more details: https://docs.astro.build/en/guides/client-side-scripts/#script-processing.

Add the `is:inline` directive explicitly to silence this hint.

[7m145[0m     <script type="module">
[7m   [0m [93m            ~~~~[0m

[96msrc/pages/admin/preview.astro[0m:[93m50[0m:[93m9[0m - [93mwarning[0m[90m ts(6133): [0m'galleryWrapper' is declared but its value is never read.

[7m50[0m   const galleryWrapper = document.querySelector('.blog-post-gallery-wrapper');
[7m  [0m [93m        ~~~~~~~~~~~~~~[0m
[96msrc/pages/admin/preview.astro[0m:[93m39[0m:[93m9[0m - [93mwarning[0m[90m astro(4000): [0mThis script will be treated as if it has the `is:inline` directive because it contains an attribute. Therefore, features that require processing (e.g. using TypeScript or npm packages in the script) are unavailable.

See docs for more details: https://docs.astro.build/en/guides/client-side-scripts/#script-processing.

Add the `is:inline` directive explicitly to silence this hint.

[7m39[0m <script type="module">
[7m  [0m [93m        ~~~~[0m

Result (51 files): 
- 0 errors
- 0 warnings
- 10 hints

